1422510224:start:extract             : toolchain-external
1422510224:end  :extract             : toolchain-external
1422510224:start:patch               : toolchain-external
1422510224:end  :patch               : toolchain-external
1422510224:start:configure           : toolchain-external
1422510244:start:configure           : toolchain-external
1422510335:start:configure           : toolchain-external
1422510386:start:build               : toolchain-external
1422510386:end  :build               : toolchain-external
1422510386:start:install-staging     : toolchain-external
1422510439:start:install-staging     : toolchain-external
1422851042:start:install-staging     : toolchain-external
1422851055:start:install-staging     : toolchain-external
1422851243:start:install-staging     : toolchain-external
1422856050:start:extract             : toolchain-external
1422856050:end  :extract             : toolchain-external
1422856050:start:patch               : toolchain-external
1422856050:end  :patch               : toolchain-external
1422856050:start:configure           : toolchain-external
1422856642:start:configure           : toolchain-external
1422856691:start:configure           : toolchain-external
1422856743:start:configure           : toolchain-external
1422860967:start:extract             : host-binutils
1422860976:end  :extract             : host-binutils
1422860976:start:patch               : host-binutils
1422860977:end  :patch               : host-binutils
1422860977:start:configure           : host-binutils
1422860981:end  :configure           : host-binutils
1422860981:start:build               : host-binutils
1422861073:end  :build               : host-binutils
1422861073:start:install-host        : host-binutils
1422861076:end  :install-host        : host-binutils
1422861076:start:extract             : host-m4
1422861076:end  :extract             : host-m4
1422861076:start:patch               : host-m4
1422861077:end  :patch               : host-m4
1422861077:start:configure           : host-m4
1422861097:end  :configure           : host-m4
1422861097:start:build               : host-m4
1422861104:end  :build               : host-m4
1422861104:start:install-host        : host-m4
1422861104:end  :install-host        : host-m4
1422861391:start:extract             : host-gmp
1422861391:end  :extract             : host-gmp
1422861391:start:patch               : host-gmp
1422861391:end  :patch               : host-gmp
1422861391:start:configure           : host-gmp
1422861405:end  :configure           : host-gmp
1422861405:start:build               : host-gmp
1422861445:end  :build               : host-gmp
1422861445:start:install-host        : host-gmp
1422861446:end  :install-host        : host-gmp
1422861538:start:extract             : host-mpfr
1422861538:end  :extract             : host-mpfr
1422861538:start:patch               : host-mpfr
1422861538:end  :patch               : host-mpfr
1422861538:start:configure           : host-mpfr
1422861544:end  :configure           : host-mpfr
1422861544:start:build               : host-mpfr
1422861566:end  :build               : host-mpfr
1422861566:start:install-host        : host-mpfr
1422861566:end  :install-host        : host-mpfr
1422861583:start:extract             : host-mpc
1422861583:end  :extract             : host-mpc
1422861583:start:patch               : host-mpc
1422861583:end  :patch               : host-mpc
1422861583:start:configure           : host-mpc
1422861587:end  :configure           : host-mpc
1422861587:start:build               : host-mpc
1422861593:end  :build               : host-mpc
1422861593:start:install-host        : host-mpc
1422861593:end  :install-host        : host-mpc
1422864085:start:extract             : host-gcc-initial
1422864109:end  :extract             : host-gcc-initial
1422864109:start:patch               : host-gcc-initial
1422864110:end  :patch               : host-gcc-initial
1422864110:start:configure           : host-gcc-initial
1422864114:end  :configure           : host-gcc-initial
1422864114:start:build               : host-gcc-initial
1422864674:end  :build               : host-gcc-initial
1422864674:start:install-host        : host-gcc-initial
1422864678:end  :install-host        : host-gcc-initial
1422865115:start:extract             : linux-headers
1422865145:end  :extract             : linux-headers
1422865145:start:patch               : linux-headers
1422865146:end  :patch               : linux-headers
1422865146:start:configure           : linux-headers
1422865151:end  :configure           : linux-headers
1422865151:start:build               : linux-headers
1422865151:end  :build               : linux-headers
1422865151:start:install-staging     : linux-headers
1422865155:end  :install-staging     : linux-headers
1422865155:start:install-target      : linux-headers
1422865155:end  :install-target      : linux-headers
1422865171:start:extract             : uclibc
1422865172:end  :extract             : uclibc
1422865172:start:patch               : uclibc
1422865173:end  :patch               : uclibc
1422865175:start:configure           : uclibc
1422865175:end  :configure           : uclibc
1422865175:start:build               : uclibc
1422865246:end  :build               : uclibc
1422865246:start:install-staging     : uclibc
1422865250:end  :install-staging     : uclibc
1422865250:start:install-target      : uclibc
1422865253:end  :install-target      : uclibc
1422865253:start:extract             : host-gcc-final
1422865278:end  :extract             : host-gcc-final
1422865278:start:patch               : host-gcc-final
1422865279:end  :patch               : host-gcc-final
1422865279:start:configure           : host-gcc-final
1422865283:end  :configure           : host-gcc-final
1422865283:start:build               : host-gcc-final
1422866088:end  :build               : host-gcc-final
1422866088:start:install-host        : host-gcc-final
1422866102:end  :install-host        : host-gcc-final
1422866102:start:extract             : toolchain-buildroot
1422866102:end  :extract             : toolchain-buildroot
1422866102:start:patch               : toolchain-buildroot
1422866102:end  :patch               : toolchain-buildroot
1422866102:start:configure           : toolchain-buildroot
1422866102:end  :configure           : toolchain-buildroot
1422866102:start:build               : toolchain-buildroot
1422866102:end  :build               : toolchain-buildroot
1422866102:start:install-target      : toolchain-buildroot
1422866102:end  :install-target      : toolchain-buildroot
1422866102:start:extract             : toolchain
1422866102:end  :extract             : toolchain
1422866102:start:patch               : toolchain
1422866102:end  :patch               : toolchain
1422866102:start:configure           : toolchain
1422866102:end  :configure           : toolchain
1422866102:start:build               : toolchain
1422866102:end  :build               : toolchain
1422866102:start:install-target      : toolchain
1422866102:end  :install-target      : toolchain
1422866103:start:extract             : busybox
1422866104:end  :extract             : busybox
1422866104:start:patch               : busybox
1422866104:end  :patch               : busybox
1422866109:start:configure           : busybox
1422866109:end  :configure           : busybox
1422866109:start:build               : busybox
1422866157:end  :build               : busybox
1422866157:start:install-target      : busybox
1422866160:end  :install-target      : busybox
1422866160:start:extract             : uboot
1422866164:end  :extract             : uboot
1422866164:start:patch               : uboot
1422866164:end  :patch               : uboot
1422866164:start:configure           : uboot
1422866164:end  :configure           : uboot
1422866164:start:build               : uboot
1422866182:end  :build               : uboot
1422866182:start:install-target      : uboot
1422866182:end  :install-target      : uboot
1422866182:start:install-image       : uboot
1422866182:end  :install-image       : uboot
1422866182:start:extract             : host-libtool
1422866182:end  :extract             : host-libtool
1422866182:start:patch               : host-libtool
1422866182:end  :patch               : host-libtool
1422866182:start:configure           : host-libtool
1422866189:end  :configure           : host-libtool
1422866189:start:build               : host-libtool
1422866191:end  :build               : host-libtool
1422866191:start:install-host        : host-libtool
1422866192:end  :install-host        : host-libtool
1422866192:start:extract             : host-autoconf
1422866192:end  :extract             : host-autoconf
1422866192:start:patch               : host-autoconf
1422866192:end  :patch               : host-autoconf
1422866192:start:configure           : host-autoconf
1422866194:end  :configure           : host-autoconf
1422866194:start:build               : host-autoconf
1422866195:end  :build               : host-autoconf
1422866195:start:install-host        : host-autoconf
1422866195:end  :install-host        : host-autoconf
1422866195:start:extract             : host-automake
1422866196:end  :extract             : host-automake
1422866196:start:patch               : host-automake
1422866196:end  :patch               : host-automake
1422866196:start:configure           : host-automake
1422866198:end  :configure           : host-automake
1422866198:start:build               : host-automake
1422866198:end  :build               : host-automake
1422866198:start:install-host        : host-automake
1422866199:end  :install-host        : host-automake
1422866199:start:extract             : host-pkgconf
1422866199:end  :extract             : host-pkgconf
1422866199:start:patch               : host-pkgconf
1422866199:end  :patch               : host-pkgconf
1422866199:start:configure           : host-pkgconf
1422866199:end  :configure           : host-pkgconf
1422866199:start:build               : host-pkgconf
1422866201:end  :build               : host-pkgconf
1422866201:start:install-host        : host-pkgconf
1422866201:end  :install-host        : host-pkgconf
1422866201:start:extract             : host-kmod
1422866201:end  :extract             : host-kmod
1422866201:start:patch               : host-kmod
1422866201:end  :patch               : host-kmod
1422866201:start:configure           : host-kmod
1422866213:end  :configure           : host-kmod
1422866213:start:build               : host-kmod
1422866218:end  :build               : host-kmod
1422866218:start:install-host        : host-kmod
1422866218:end  :install-host        : host-kmod
1422866218:start:extract             : host-lzo
1422866218:end  :extract             : host-lzo
1422866218:start:patch               : host-lzo
1422866218:end  :patch               : host-lzo
1422866218:start:configure           : host-lzo
1422866230:end  :configure           : host-lzo
1422866230:start:build               : host-lzo
1422866240:end  :build               : host-lzo
1422866241:start:install-host        : host-lzo
1422866241:end  :install-host        : host-lzo
1422866241:start:extract             : host-lzop
1422866241:end  :extract             : host-lzop
1422866241:start:patch               : host-lzop
1422866241:end  :patch               : host-lzop
1422866241:start:configure           : host-lzop
1422866249:end  :configure           : host-lzop
1422866249:start:build               : host-lzop
1422866251:end  :build               : host-lzop
1422866251:start:install-host        : host-lzop
1422866251:end  :install-host        : host-lzop
1422866251:start:extract             : host-uboot-tools
1422866256:end  :extract             : host-uboot-tools
1422866256:start:patch               : host-uboot-tools
1422866256:end  :patch               : host-uboot-tools
1422866256:start:configure           : host-uboot-tools
1422866256:end  :configure           : host-uboot-tools
1422866256:start:build               : host-uboot-tools
1422866261:end  :build               : host-uboot-tools
1422866261:start:install-host        : host-uboot-tools
1422866261:end  :install-host        : host-uboot-tools
1422866313:start:configure           : linux
1422866321:end  :configure           : linux
1422866321:start:build               : linux
1422866898:end  :build               : linux
1422866899:start:install-target      : linux
1422866903:end  :install-target      : linux
1422866903:start:install-image       : linux
1422866903:end  :install-image       : linux
1422866905:start:extract             : host-e2fsprogs
1422866905:end  :extract             : host-e2fsprogs
1422866905:start:patch               : host-e2fsprogs
1422866905:end  :patch               : host-e2fsprogs
1422866905:start:configure           : host-e2fsprogs
1422866921:end  :configure           : host-e2fsprogs
1422866921:start:build               : host-e2fsprogs
1422866951:end  :build               : host-e2fsprogs
1422866951:start:install-host        : host-e2fsprogs
1422866952:end  :install-host        : host-e2fsprogs
1422866952:start:extract             : host-zlib
1422866952:end  :extract             : host-zlib
1422866952:start:patch               : host-zlib
1422866952:end  :patch               : host-zlib
1422866952:start:configure           : host-zlib
1422866952:end  :configure           : host-zlib
1422866952:start:build               : host-zlib
1422866958:end  :build               : host-zlib
1422866958:start:install-host        : host-zlib
1422866958:end  :install-host        : host-zlib
1422866958:start:extract             : host-mtd
1422866958:end  :extract             : host-mtd
1422866958:start:patch               : host-mtd
1422866958:end  :patch               : host-mtd
1422866958:start:configure           : host-mtd
1422866958:end  :configure           : host-mtd
1422866958:start:build               : host-mtd
1422866969:end  :build               : host-mtd
1422866969:start:install-host        : host-mtd
1422866969:end  :install-host        : host-mtd
1422866969:start:extract             : host-fakeroot
1422866969:end  :extract             : host-fakeroot
1422866969:start:patch               : host-fakeroot
1422866969:end  :patch               : host-fakeroot
1422866969:start:configure           : host-fakeroot
1422866977:end  :configure           : host-fakeroot
1422866977:start:build               : host-fakeroot
1422866978:end  :build               : host-fakeroot
1422866978:start:install-host        : host-fakeroot
1422866978:end  :install-host        : host-fakeroot
1422866978:start:extract             : host-makedevs
1422866978:end  :extract             : host-makedevs
1422866978:start:patch               : host-makedevs
1422866978:end  :patch               : host-makedevs
1422866978:start:configure           : host-makedevs
1422866978:end  :configure           : host-makedevs
1422866978:start:build               : host-makedevs
1422866979:end  :build               : host-makedevs
1422866979:start:install-host        : host-makedevs
1422866979:end  :install-host        : host-makedevs
1422878538:start:build               : linux
1422878751:start:build               : linux
1422878993:start:build               : linux
1422879018:end  :build               : linux
1422879019:start:install-target      : linux
1422879023:end  :install-target      : linux
1422879023:start:install-image       : linux
1422879023:end  :install-image       : linux
