This file contains any messages produced by compilers while
running configure, to aid debugging if configure makes a mistake.

It was created by configure, which was
generated by GNU Autoconf 2.64.  Invocation command line was

  $ ./configure --prefix=/home/ssbai/mini2440_buildroot/output/host/usr --sysconfdir=/home/ssbai/mini2440_buildroot/output/host/etc --localstatedir=/home/ssbai/mini2440_buildroot/output/host/var --enable-shared --disable-static --disable-gtk-doc --disable-doc --disable-docs --disable-documentation --disable-debug --with-xmlto=no --with-fop=no --disable-dependency-tracking --disable-multilib --disable-werror --target=arm-buildroot-linux-uclibcgnueabi --disable-shared --enable-static --with-sysroot=/home/ssbai/mini2440_buildroot/output/host/usr/arm-buildroot-linux-uclibcgnueabi/sysroot --disable-sim --disable-gdb

## --------- ##
## Platform. ##
## --------- ##

hostname = ssbai
uname -m = x86_64
uname -r = 3.13.0-32-generic
uname -s = Linux
uname -v = #57-Ubuntu SMP Tue Jul 15 03:51:08 UTC 2014

/usr/bin/uname -p = unknown
/bin/uname -X     = unknown

/bin/arch              = unknown
/usr/bin/arch -k       = unknown
/usr/convex/getsysinfo = unknown
/usr/bin/hostinfo      = unknown
/bin/machine           = unknown
/usr/bin/oslevel       = unknown
/bin/universe          = unknown

PATH: /home/ssbai/mini2440_buildroot/output/host/bin
PATH: /home/ssbai/mini2440_buildroot/output/host/sbin
PATH: /home/ssbai/mini2440_buildroot/output/host/usr/bin
PATH: /home/ssbai/mini2440_buildroot/output/host/usr/sbin
PATH: /usr/local/sbin
PATH: /usr/local/bin
PATH: /usr/sbin
PATH: /usr/bin
PATH: /sbin
PATH: /bin
PATH: /usr/games
PATH: /usr/local/games
PATH: /home/ssbai/mini2440_buildroot/FriendlyARM/toolschain/4.4.3/bin/


## ----------- ##
## Core tests. ##
## ----------- ##

configure:2075: loading site script /dev/null
configure:2230: checking build system type
configure:2244: result: x86_64-unknown-linux-gnu
configure:2291: checking host system type
configure:2304: result: x86_64-unknown-linux-gnu
configure:2324: checking target system type
configure:2337: result: arm-buildroot-linux-uclibcgnueabi
configure:2391: checking for a BSD-compatible install
configure:2459: result: /usr/bin/install -c
configure:2470: checking whether ln works
configure:2492: result: yes
configure:2496: checking whether ln -s works
configure:2500: result: yes
configure:2507: checking for a sed that does not truncate output
configure:2571: result: /bin/sed
configure:2580: checking for gawk
configure:2596: found /usr/bin/gawk
configure:2607: result: gawk
configure:3742: checking for gcc
configure:3769: result: /usr/bin/gcc
configure:3998: checking for C compiler version
configure:4007: /usr/bin/gcc --version >&5
gcc (Ubuntu 4.8.2-19ubuntu1) 4.8.2
Copyright (C) 2013 Free Software Foundation, Inc.
This is free software; see the source for copying conditions.  There is NO
warranty; not even for MERCHANTABILITY or FITNESS FOR A PARTICULAR PURPOSE.

configure:4018: $? = 0
configure:4007: /usr/bin/gcc -v >&5
Using built-in specs.
COLLECT_GCC=/usr/bin/gcc
COLLECT_LTO_WRAPPER=/usr/lib/gcc/x86_64-linux-gnu/4.8/lto-wrapper
Target: x86_64-linux-gnu
Configured with: ../src/configure -v --with-pkgversion='Ubuntu 4.8.2-19ubuntu1' --with-bugurl=file:///usr/share/doc/gcc-4.8/README.Bugs --enable-languages=c,c++,java,go,d,fortran,objc,obj-c++ --prefix=/usr --program-suffix=-4.8 --enable-shared --enable-linker-build-id --libexecdir=/usr/lib --without-included-gettext --enable-threads=posix --with-gxx-include-dir=/usr/include/c++/4.8 --libdir=/usr/lib --enable-nls --with-sysroot=/ --enable-clocale=gnu --enable-libstdcxx-debug --enable-libstdcxx-time=yes --enable-gnu-unique-object --disable-libmudflap --enable-plugin --with-system-zlib --disable-browser-plugin --enable-java-awt=gtk --enable-gtk-cairo --with-java-home=/usr/lib/jvm/java-1.5.0-gcj-4.8-amd64/jre --enable-java-home --with-jvm-root-dir=/usr/lib/jvm/java-1.5.0-gcj-4.8-amd64 --with-jvm-jar-dir=/usr/lib/jvm-exports/java-1.5.0-gcj-4.8-amd64 --with-arch-directory=amd64 --with-ecj-jar=/usr/share/java/eclipse-ecj.jar --enable-objc-gc --enable-multiarch --disable-werror --with-arch-32=i686 --with-abi=m64 --with-multilib-list=m32,m64,mx32 --with-tune=generic --enable-checking=release --build=x86_64-linux-gnu --host=x86_64-linux-gnu --target=x86_64-linux-gnu
Thread model: posix
gcc version 4.8.2 (Ubuntu 4.8.2-19ubuntu1) 
configure:4018: $? = 0
configure:4007: /usr/bin/gcc -V >&5
gcc: error: unrecognized command line option '-V'
gcc: fatal error: no input files
compilation terminated.
configure:4018: $? = 4
configure:4007: /usr/bin/gcc -qversion >&5
gcc: error: unrecognized command line option '-qversion'
gcc: fatal error: no input files
compilation terminated.
configure:4018: $? = 4
configure:4038: checking for C compiler default output file name
configure:4060: /usr/bin/gcc -O2 -I/home/ssbai/mini2440_buildroot/output/host/usr/include -I/home/ssbai/mini2440_buildroot/output/host/usr/include -L/home/ssbai/mini2440_buildroot/output/host/lib -L/home/ssbai/mini2440_buildroot/output/host/usr/lib -Wl,-rpath,/home/ssbai/mini2440_buildroot/output/host/usr/lib conftest.c  >&5
configure:4064: $? = 0
configure:4101: result: a.out
configure:4117: checking whether the C compiler works
configure:4126: ./a.out
configure:4130: $? = 0
configure:4145: result: yes
configure:4152: checking whether we are cross compiling
configure:4154: result: no
configure:4157: checking for suffix of executables
configure:4164: /usr/bin/gcc -o conftest -O2 -I/home/ssbai/mini2440_buildroot/output/host/usr/include -I/home/ssbai/mini2440_buildroot/output/host/usr/include -L/home/ssbai/mini2440_buildroot/output/host/lib -L/home/ssbai/mini2440_buildroot/output/host/usr/lib -Wl,-rpath,/home/ssbai/mini2440_buildroot/output/host/usr/lib conftest.c  >&5
configure:4168: $? = 0
configure:4190: result: 
configure:4196: checking for suffix of object files
configure:4218: /usr/bin/gcc -c -O2 -I/home/ssbai/mini2440_buildroot/output/host/usr/include -I/home/ssbai/mini2440_buildroot/output/host/usr/include conftest.c >&5
configure:4222: $? = 0
configure:4243: result: o
configure:4247: checking whether we are using the GNU C compiler
configure:4266: /usr/bin/gcc -c -O2 -I/home/ssbai/mini2440_buildroot/output/host/usr/include -I/home/ssbai/mini2440_buildroot/output/host/usr/include conftest.c >&5
configure:4266: $? = 0
configure:4275: result: yes
configure:4284: checking whether /usr/bin/gcc accepts -g
configure:4304: /usr/bin/gcc -c -g -I/home/ssbai/mini2440_buildroot/output/host/usr/include conftest.c >&5
configure:4304: $? = 0
configure:4345: result: yes
configure:4362: checking for /usr/bin/gcc option to accept ISO C89
configure:4426: /usr/bin/gcc  -c -O2 -I/home/ssbai/mini2440_buildroot/output/host/usr/include -I/home/ssbai/mini2440_buildroot/output/host/usr/include conftest.c >&5
configure:4426: $? = 0
configure:4439: result: none needed
configure:4571: checking for C++ compiler version
configure:4580: /usr/bin/g++ --version >&5
g++ (Ubuntu 4.8.2-19ubuntu1) 4.8.2
Copyright (C) 2013 Free Software Foundation, Inc.
This is free software; see the source for copying conditions.  There is NO
warranty; not even for MERCHANTABILITY or FITNESS FOR A PARTICULAR PURPOSE.

configure:4591: $? = 0
configure:4580: /usr/bin/g++ -v >&5
Using built-in specs.
COLLECT_GCC=/usr/bin/g++
COLLECT_LTO_WRAPPER=/usr/lib/gcc/x86_64-linux-gnu/4.8/lto-wrapper
Target: x86_64-linux-gnu
Configured with: ../src/configure -v --with-pkgversion='Ubuntu 4.8.2-19ubuntu1' --with-bugurl=file:///usr/share/doc/gcc-4.8/README.Bugs --enable-languages=c,c++,java,go,d,fortran,objc,obj-c++ --prefix=/usr --program-suffix=-4.8 --enable-shared --enable-linker-build-id --libexecdir=/usr/lib --without-included-gettext --enable-threads=posix --with-gxx-include-dir=/usr/include/c++/4.8 --libdir=/usr/lib --enable-nls --with-sysroot=/ --enable-clocale=gnu --enable-libstdcxx-debug --enable-libstdcxx-time=yes --enable-gnu-unique-object --disable-libmudflap --enable-plugin --with-system-zlib --disable-browser-plugin --enable-java-awt=gtk --enable-gtk-cairo --with-java-home=/usr/lib/jvm/java-1.5.0-gcj-4.8-amd64/jre --enable-java-home --with-jvm-root-dir=/usr/lib/jvm/java-1.5.0-gcj-4.8-amd64 --with-jvm-jar-dir=/usr/lib/jvm-exports/java-1.5.0-gcj-4.8-amd64 --with-arch-directory=amd64 --with-ecj-jar=/usr/share/java/eclipse-ecj.jar --enable-objc-gc --enable-multiarch --disable-werror --with-arch-32=i686 --with-abi=m64 --with-multilib-list=m32,m64,mx32 --with-tune=generic --enable-checking=release --build=x86_64-linux-gnu --host=x86_64-linux-gnu --target=x86_64-linux-gnu
Thread model: posix
gcc version 4.8.2 (Ubuntu 4.8.2-19ubuntu1) 
configure:4591: $? = 0
configure:4580: /usr/bin/g++ -V >&5
g++: error: unrecognized command line option '-V'
g++: fatal error: no input files
compilation terminated.
configure:4591: $? = 4
configure:4580: /usr/bin/g++ -qversion >&5
g++: error: unrecognized command line option '-qversion'
g++: fatal error: no input files
compilation terminated.
configure:4591: $? = 4
configure:4595: checking whether we are using the GNU C++ compiler
configure:4614: /usr/bin/g++ -c -O2 -I/home/ssbai/mini2440_buildroot/output/host/usr/include -I/home/ssbai/mini2440_buildroot/output/host/usr/include conftest.cpp >&5
configure:4614: $? = 0
configure:4623: result: yes
configure:4632: checking whether /usr/bin/g++ accepts -g
configure:4652: /usr/bin/g++ -c -g -I/home/ssbai/mini2440_buildroot/output/host/usr/include conftest.cpp >&5
configure:4652: $? = 0
configure:4693: result: yes
configure:4782: checking for gnatbind
configure:4812: result: no
configure:4874: checking for gnatmake
configure:4904: result: no
configure:4923: checking whether compiler driver understands Ada
configure:4946: result: no
configure:4955: checking how to compare bootstrapped objects
configure:4980: result: cmp --ignore-initial=16 $$f1 $$f2
configure:5052: checking for objdir
configure:5067: result: .libs
configure:5609: checking for PWL_handle_timeout in -lpwl
configure:5634: /usr/bin/gcc -o conftest -O2 -I/home/ssbai/mini2440_buildroot/output/host/usr/include -I/home/ssbai/mini2440_buildroot/output/host/usr/include -L/home/ssbai/mini2440_buildroot/output/host/lib -L/home/ssbai/mini2440_buildroot/output/host/usr/lib -Wl,-rpath,/home/ssbai/mini2440_buildroot/output/host/usr/lib conftest.c -lpwl    -lstdc++ -lm >&5
/usr/bin/ld: cannot find -lpwl
collect2: error: ld returned 1 exit status
configure:5634: $? = 1
configure: failed program was:
| /* confdefs.h */
| #define PACKAGE_NAME ""
| #define PACKAGE_TARNAME ""
| #define PACKAGE_VERSION ""
| #define PACKAGE_STRING ""
| #define PACKAGE_BUGREPORT ""
| #define PACKAGE_URL ""
| #define LT_OBJDIR ".libs/"
| /* end confdefs.h.  */
| 
| /* Override any GCC internal prototype to avoid an error.
|    Use char because int might match the return type of a GCC
|    builtin and then its argument prototype would still apply.  */
| #ifdef __cplusplus
| extern "C"
| #endif
| char PWL_handle_timeout ();
| int
| main ()
| {
| return PWL_handle_timeout ();
|   ;
|   return 0;
| }
configure:5643: result: no
configure:5657: checking for version 0.11 (revision 0 or later) of PPL
configure:5674: /usr/bin/gcc -c -O2 -I/home/ssbai/mini2440_buildroot/output/host/usr/include   -I/home/ssbai/mini2440_buildroot/output/host/usr/include conftest.c >&5
conftest.c:10:19: fatal error: ppl_c.h: No such file or directory
 #include "ppl_c.h"
                   ^
compilation terminated.
configure:5674: $? = 1
configure: failed program was:
| /* confdefs.h */
| #define PACKAGE_NAME ""
| #define PACKAGE_TARNAME ""
| #define PACKAGE_VERSION ""
| #define PACKAGE_STRING ""
| #define PACKAGE_BUGREPORT ""
| #define PACKAGE_URL ""
| #define LT_OBJDIR ".libs/"
| /* end confdefs.h.  */
| #include "ppl_c.h"
| int
| main ()
| {
| 
|     #if PPL_VERSION_MAJOR != 0 || PPL_VERSION_MINOR < 11
|     choke me
|     #endif
| 
|   ;
|   return 0;
| }
configure:5678: result: no
configure:6988: checking for default BUILD_CONFIG
configure:7020: result: 
configure:7509: checking for bison
configure:7539: result: no
configure:7509: checking for byacc
configure:7539: result: no
configure:7509: checking for yacc
configure:7539: result: no
configure:7556: checking for bison
configure:7586: result: no
configure:7603: checking for gm4
configure:7633: result: no
configure:7603: checking for gnum4
configure:7633: result: no
configure:7603: checking for m4
configure:7633: result: no
configure:7650: checking for flex
configure:7680: result: no
configure:7650: checking for lex
configure:7680: result: no
configure:7698: checking for flex
configure:7728: result: no
configure:7745: checking for makeinfo
configure:7772: result: missing
configure:7806: checking for expect
configure:7836: result: no
configure:7855: checking for runtest
configure:7885: result: no
configure:7919: checking for ar
configure:7946: result: /usr/bin/ar
configure:8060: checking for as
configure:8087: result: /usr/bin/as
configure:8282: checking for dlltool
configure:8312: result: no
configure:8342: checking for ld
configure:8369: result: /usr/bin/ld
configure:8564: checking for lipo
configure:8594: result: no
configure:8624: checking for nm
configure:8651: result: /usr/bin/nm
configure:8765: checking for ranlib
configure:8792: result: /usr/bin/ranlib
configure:8982: checking for strip
configure:8998: found /usr/bin/strip
configure:9009: result: strip
configure:9118: checking for windres
configure:9148: result: no
configure:9259: checking for windmc
configure:9289: result: no
configure:9319: checking for objcopy
configure:9346: result: /usr/bin/objcopy
configure:9541: checking for objdump
configure:9557: found /usr/bin/objdump
configure:9568: result: objdump
configure:9682: checking for arm-buildroot-linux-uclibcgnueabi-cc
configure:9712: result: no
configure:9682: checking for arm-buildroot-linux-uclibcgnueabi-gcc
configure:9712: result: no
configure:9843: checking for arm-buildroot-linux-uclibcgnueabi-c++
configure:9873: result: no
configure:9843: checking for arm-buildroot-linux-uclibcgnueabi-g++
configure:9873: result: no
configure:9843: checking for arm-buildroot-linux-uclibcgnueabi-cxx
configure:9873: result: no
configure:9843: checking for arm-buildroot-linux-uclibcgnueabi-gxx
configure:9873: result: no
configure:10004: checking for arm-buildroot-linux-uclibcgnueabi-gcc
configure:10034: result: no
configure:10160: checking for arm-buildroot-linux-uclibcgnueabi-gcj
configure:10190: result: no
configure:10321: checking for arm-buildroot-linux-uclibcgnueabi-gfortran
configure:10351: result: no
configure:10482: checking for arm-buildroot-linux-uclibcgnueabi-gccgo
configure:10512: result: no
configure:10723: checking for arm-buildroot-linux-uclibcgnueabi-ar
configure:10753: result: no
configure:10953: checking for arm-buildroot-linux-uclibcgnueabi-as
configure:10983: result: no
configure:11183: checking for arm-buildroot-linux-uclibcgnueabi-dlltool
configure:11213: result: no
configure:11413: checking for arm-buildroot-linux-uclibcgnueabi-ld
configure:11443: result: no
configure:11643: checking for arm-buildroot-linux-uclibcgnueabi-lipo
configure:11673: result: no
configure:11873: checking for arm-buildroot-linux-uclibcgnueabi-nm
configure:11903: result: no
configure:12103: checking for arm-buildroot-linux-uclibcgnueabi-objdump
configure:12133: result: no
configure:12333: checking for arm-buildroot-linux-uclibcgnueabi-ranlib
configure:12363: result: no
configure:12563: checking for arm-buildroot-linux-uclibcgnueabi-strip
configure:12593: result: no
configure:12793: checking for arm-buildroot-linux-uclibcgnueabi-windres
configure:12823: result: no
configure:13023: checking for arm-buildroot-linux-uclibcgnueabi-windmc
configure:13053: result: no
configure:13120: checking where to find the target ar
configure:13143: result: just compiled
configure:13162: checking where to find the target as
configure:13185: result: just compiled
configure:13204: checking where to find the target cc
configure:13241: result: pre-installed
configure:13246: checking where to find the target c++
configure:13286: result: pre-installed
configure:13291: checking where to find the target c++ for libstdc++
configure:13331: result: pre-installed
configure:13336: checking where to find the target dlltool
configure:13359: result: just compiled
configure:13378: checking where to find the target gcc
configure:13415: result: pre-installed
configure:13420: checking where to find the target gcj
configure:13460: result: pre-installed
configure:13465: checking where to find the target gfortran
configure:13505: result: pre-installed
configure:13510: checking where to find the target gccgo
configure:13550: result: pre-installed
configure:13555: checking where to find the target ld
configure:13578: result: just compiled
configure:13597: checking where to find the target lipo
configure:13623: result: pre-installed
configure:13628: checking where to find the target nm
configure:13651: result: just compiled
configure:13670: checking where to find the target objdump
configure:13693: result: just compiled
configure:13712: checking where to find the target ranlib
configure:13735: result: just compiled
configure:13754: checking where to find the target strip
configure:13777: result: just compiled
configure:13796: checking where to find the target windres
configure:13819: result: just compiled
configure:13838: checking where to find the target windmc
configure:13861: result: just compiled
configure:13908: checking whether to enable maintainer-specific portions of Makefiles
configure:13917: result: no
configure:13950: checking whether -fkeep-inline-functions is supported
configure:13969: /usr/bin/gcc -c -O2 -I/home/ssbai/mini2440_buildroot/output/host/usr/include -fkeep-inline-functions -I/home/ssbai/mini2440_buildroot/output/host/usr/include conftest.c >&5
configure:13969: $? = 0
configure:13970: result: yes
configure:14176: creating ./config.status

## ---------------------- ##
## Running config.status. ##
## ---------------------- ##

This file was extended by config.status, which was
generated by GNU Autoconf 2.64.  Invocation command line was

  CONFIG_FILES    = 
  CONFIG_HEADERS  = 
  CONFIG_LINKS    = 
  CONFIG_COMMANDS = 
  $ ./config.status 

on ssbai

config.status:15017: creating Makefile

## ---------------- ##
## Cache variables. ##
## ---------------- ##

ac_cv_build='x86_64-unknown-linux-gnu'
ac_cv_c_compiler_gnu='yes'
ac_cv_cxx_compiler_gnu='yes'
ac_cv_env_AR_FOR_TARGET_set=''
ac_cv_env_AR_FOR_TARGET_value=''
ac_cv_env_AR_set='set'
ac_cv_env_AR_value='/usr/bin/ar'
ac_cv_env_AS_FOR_TARGET_set=''
ac_cv_env_AS_FOR_TARGET_value=''
ac_cv_env_AS_set='set'
ac_cv_env_AS_value='/usr/bin/as'
ac_cv_env_CCC_set=''
ac_cv_env_CCC_value=''
ac_cv_env_CC_FOR_TARGET_set=''
ac_cv_env_CC_FOR_TARGET_value=''
ac_cv_env_CC_set='set'
ac_cv_env_CC_value='/usr/bin/gcc'
ac_cv_env_CFLAGS_set='set'
ac_cv_env_CFLAGS_value='-O2 -I/home/ssbai/mini2440_buildroot/output/host/usr/include'
ac_cv_env_CPPFLAGS_set='set'
ac_cv_env_CPPFLAGS_value='-I/home/ssbai/mini2440_buildroot/output/host/usr/include'
ac_cv_env_CXXFLAGS_set='set'
ac_cv_env_CXXFLAGS_value='-O2 -I/home/ssbai/mini2440_buildroot/output/host/usr/include'
ac_cv_env_CXX_FOR_TARGET_set=''
ac_cv_env_CXX_FOR_TARGET_value=''
ac_cv_env_CXX_set='set'
ac_cv_env_CXX_value='/usr/bin/g++'
ac_cv_env_DLLTOOL_FOR_TARGET_set=''
ac_cv_env_DLLTOOL_FOR_TARGET_value=''
ac_cv_env_DLLTOOL_set=''
ac_cv_env_DLLTOOL_value=''
ac_cv_env_GCC_FOR_TARGET_set=''
ac_cv_env_GCC_FOR_TARGET_value=''
ac_cv_env_GCJ_FOR_TARGET_set=''
ac_cv_env_GCJ_FOR_TARGET_value=''
ac_cv_env_GFORTRAN_FOR_TARGET_set=''
ac_cv_env_GFORTRAN_FOR_TARGET_value=''
ac_cv_env_GOC_FOR_TARGET_set=''
ac_cv_env_GOC_FOR_TARGET_value=''
ac_cv_env_LDFLAGS_set='set'
ac_cv_env_LDFLAGS_value='-L/home/ssbai/mini2440_buildroot/output/host/lib -L/home/ssbai/mini2440_buildroot/output/host/usr/lib -Wl,-rpath,/home/ssbai/mini2440_buildroot/output/host/usr/lib'
ac_cv_env_LD_FOR_TARGET_set=''
ac_cv_env_LD_FOR_TARGET_value=''
ac_cv_env_LD_set='set'
ac_cv_env_LD_value='/usr/bin/ld'
ac_cv_env_LIBS_set=''
ac_cv_env_LIBS_value=''
ac_cv_env_LIPO_FOR_TARGET_set=''
ac_cv_env_LIPO_FOR_TARGET_value=''
ac_cv_env_LIPO_set=''
ac_cv_env_LIPO_value=''
ac_cv_env_NM_FOR_TARGET_set=''
ac_cv_env_NM_FOR_TARGET_value=''
ac_cv_env_NM_set='set'
ac_cv_env_NM_value='/usr/bin/nm'
ac_cv_env_OBJCOPY_set='set'
ac_cv_env_OBJCOPY_value='/usr/bin/objcopy'
ac_cv_env_OBJDUMP_FOR_TARGET_set=''
ac_cv_env_OBJDUMP_FOR_TARGET_value=''
ac_cv_env_OBJDUMP_set=''
ac_cv_env_OBJDUMP_value=''
ac_cv_env_RANLIB_FOR_TARGET_set=''
ac_cv_env_RANLIB_FOR_TARGET_value=''
ac_cv_env_RANLIB_set='set'
ac_cv_env_RANLIB_value='/usr/bin/ranlib'
ac_cv_env_STRIP_FOR_TARGET_set=''
ac_cv_env_STRIP_FOR_TARGET_value=''
ac_cv_env_STRIP_set=''
ac_cv_env_STRIP_value=''
ac_cv_env_WINDMC_FOR_TARGET_set=''
ac_cv_env_WINDMC_FOR_TARGET_value=''
ac_cv_env_WINDMC_set=''
ac_cv_env_WINDMC_value=''
ac_cv_env_WINDRES_FOR_TARGET_set=''
ac_cv_env_WINDRES_FOR_TARGET_value=''
ac_cv_env_WINDRES_set=''
ac_cv_env_WINDRES_value=''
ac_cv_env_build_alias_set=''
ac_cv_env_build_alias_value=''
ac_cv_env_build_configargs_set=''
ac_cv_env_build_configargs_value=''
ac_cv_env_host_alias_set=''
ac_cv_env_host_alias_value=''
ac_cv_env_host_configargs_set=''
ac_cv_env_host_configargs_value=''
ac_cv_env_target_alias_set='set'
ac_cv_env_target_alias_value='arm-buildroot-linux-uclibcgnueabi'
ac_cv_env_target_configargs_set=''
ac_cv_env_target_configargs_value=''
ac_cv_host='x86_64-unknown-linux-gnu'
ac_cv_lib_pwl_PWL_handle_timeout='no'
ac_cv_objext='o'
ac_cv_path_SED='/bin/sed'
ac_cv_path_install='/usr/bin/install -c'
ac_cv_prog_AR='/usr/bin/ar'
ac_cv_prog_AS='/usr/bin/as'
ac_cv_prog_AWK='gawk'
ac_cv_prog_LD='/usr/bin/ld'
ac_cv_prog_MAKEINFO='missing'
ac_cv_prog_NM='/usr/bin/nm'
ac_cv_prog_OBJCOPY='/usr/bin/objcopy'
ac_cv_prog_OBJDUMP='objdump'
ac_cv_prog_RANLIB='/usr/bin/ranlib'
ac_cv_prog_STRIP='strip'
ac_cv_prog_ac_ct_CC='/usr/bin/gcc'
ac_cv_prog_cc_c89=''
ac_cv_prog_cc_g='yes'
ac_cv_prog_cxx_g='yes'
ac_cv_target='arm-buildroot-linux-uclibcgnueabi'
acx_cv_cc_gcc_supports_ada='no'
acx_cv_prog_LN='ln'
gcc_cv_prog_cmp_skip='cmp --ignore-initial=16 $$f1 $$f2'
gcc_cv_tool_dirs=''
gcc_cv_tool_prefix='/home/ssbai/mini2440_buildroot/output/host/usr'
lt_cv_objdir='.libs'

## ----------------- ##
## Output variables. ##
## ----------------- ##

AR='/usr/bin/ar'
AR_FOR_BUILD='$(AR)'
AR_FOR_TARGET='$$r/$(HOST_SUBDIR)/binutils/ar'
AS='/usr/bin/as'
AS_FOR_BUILD='$(AS)'
AS_FOR_TARGET='$$r/$(HOST_SUBDIR)/gas/as-new'
AWK='gawk'
BISON='/home/ssbai/mini2440_buildroot/output/build/host-binutils-2.22/missing bison'
BUILD_CONFIG=''
CC='/usr/bin/gcc'
CC_FOR_BUILD='$(CC)'
CC_FOR_TARGET='arm-buildroot-linux-uclibcgnueabi-cc'
CFLAGS='-O2 -I/home/ssbai/mini2440_buildroot/output/host/usr/include'
CFLAGS_FOR_BUILD='-O2 -I/home/ssbai/mini2440_buildroot/output/host/usr/include'
CFLAGS_FOR_TARGET='-g -O2 -I/home/ssbai/mini2440_buildroot/output/host/usr/include'
COMPILER_AS_FOR_TARGET='$(AS_FOR_TARGET)'
COMPILER_LD_FOR_TARGET='$(LD_FOR_TARGET)'
COMPILER_NM_FOR_TARGET='$(NM_FOR_TARGET)'
CONFIGURE_GDB_TK=''
CPPFLAGS='-I/home/ssbai/mini2440_buildroot/output/host/usr/include'
CXX='/usr/bin/g++'
CXXFLAGS='-O2 -I/home/ssbai/mini2440_buildroot/output/host/usr/include'
CXXFLAGS_FOR_BUILD='-O2 -I/home/ssbai/mini2440_buildroot/output/host/usr/include'
CXXFLAGS_FOR_TARGET='-g -O2 -I/home/ssbai/mini2440_buildroot/output/host/usr/include'
CXX_FOR_BUILD='$(CXX)'
CXX_FOR_TARGET='arm-buildroot-linux-uclibcgnueabi-c++'
DEBUG_PREFIX_CFLAGS_FOR_TARGET=''
DEFS='-DPACKAGE_NAME=\"\" -DPACKAGE_TARNAME=\"\" -DPACKAGE_VERSION=\"\" -DPACKAGE_STRING=\"\" -DPACKAGE_BUGREPORT=\"\" -DPACKAGE_URL=\"\" -DLT_OBJDIR=\".libs/\"'
DLLTOOL='dlltool'
DLLTOOL_FOR_BUILD='$(DLLTOOL)'
DLLTOOL_FOR_TARGET='$$r/$(HOST_SUBDIR)/binutils/dlltool'
ECHO_C=''
ECHO_N='-n'
ECHO_T=''
EXEEXT=''
EXPECT='expect'
EXTRA_CONFIGARGS_LIBJAVA='--disable-static'
FLAGS_FOR_TARGET=' -L$$r/$(HOST_SUBDIR)/ld'
FLEX='/home/ssbai/mini2440_buildroot/output/build/host-binutils-2.22/missing flex'
GCC_FOR_TARGET='arm-buildroot-linux-uclibcgnueabi-gcc'
GCC_SHLIB_SUBDIR=''
GCJ_FOR_BUILD='$(GCJ)'
GCJ_FOR_TARGET='arm-buildroot-linux-uclibcgnueabi-gcj'
GDB_TK=''
GFORTRAN_FOR_BUILD='$(GFORTRAN)'
GFORTRAN_FOR_TARGET='arm-buildroot-linux-uclibcgnueabi-gfortran'
GNATBIND='no'
GNATMAKE='no'
GOC_FOR_BUILD='$(GOC)'
GOC_FOR_TARGET='arm-buildroot-linux-uclibcgnueabi-gccgo'
INSTALL_DATA='${INSTALL} -m 644'
INSTALL_GDB_TK=''
INSTALL_PROGRAM='${INSTALL}'
INSTALL_SCRIPT='${INSTALL}'
LD='/usr/bin/ld'
LDFLAGS='-L/home/ssbai/mini2440_buildroot/output/host/lib -L/home/ssbai/mini2440_buildroot/output/host/usr/lib -Wl,-rpath,/home/ssbai/mini2440_buildroot/output/host/usr/lib'
LDFLAGS_FOR_BUILD='-L/home/ssbai/mini2440_buildroot/output/host/lib -L/home/ssbai/mini2440_buildroot/output/host/usr/lib -Wl,-rpath,/home/ssbai/mini2440_buildroot/output/host/usr/lib'
LDFLAGS_FOR_TARGET=''
LD_FOR_BUILD='$(LD)'
LD_FOR_TARGET='$$r/$(HOST_SUBDIR)/ld/ld-new'
LEX='/home/ssbai/mini2440_buildroot/output/build/host-binutils-2.22/missing flex'
LIBOBJS=''
LIBS=''
LIPO='lipo'
LIPO_FOR_TARGET='arm-buildroot-linux-uclibcgnueabi-lipo'
LN='ln'
LN_S='ln -s'
LTLIBOBJS=''
M4='/home/ssbai/mini2440_buildroot/output/build/host-binutils-2.22/missing m4'
MAINT='#'
MAINTAINER_MODE_FALSE=''
MAINTAINER_MODE_TRUE='#'
MAKEINFO='/home/ssbai/mini2440_buildroot/output/build/host-binutils-2.22/missing makeinfo'
NM='/usr/bin/nm'
NM_FOR_BUILD='$(NM)'
NM_FOR_TARGET='$$r/$(HOST_SUBDIR)/binutils/nm-new'
OBJCOPY='/usr/bin/objcopy'
OBJDUMP='objdump'
OBJDUMP_FOR_TARGET='$$r/$(HOST_SUBDIR)/binutils/objdump'
OBJEXT='o'
PACKAGE_BUGREPORT=''
PACKAGE_NAME=''
PACKAGE_STRING=''
PACKAGE_TARNAME=''
PACKAGE_URL=''
PACKAGE_VERSION=''
PATH_SEPARATOR=':'
POSTSTAGE1_CONFIGURE_FLAGS='--enable-build-with-cxx'
RANLIB='/usr/bin/ranlib'
RANLIB_FOR_BUILD='$(RANLIB)'
RANLIB_FOR_TARGET='$$r/$(HOST_SUBDIR)/binutils/ranlib'
RAW_CXX_FOR_TARGET='arm-buildroot-linux-uclibcgnueabi-c++'
RPATH_ENVVAR='LD_LIBRARY_PATH'
RUNTEST='runtest'
SED='/bin/sed'
SHELL='/bin/bash'
STRIP='strip'
STRIP_FOR_TARGET='$$r/$(HOST_SUBDIR)/binutils/strip-new'
SYSROOT_CFLAGS_FOR_TARGET=''
TOPLEVEL_CONFIGURE_ARGUMENTS='./configure --prefix=/home/ssbai/mini2440_buildroot/output/host/usr --sysconfdir=/home/ssbai/mini2440_buildroot/output/host/etc --localstatedir=/home/ssbai/mini2440_buildroot/output/host/var --enable-shared --disable-static --disable-gtk-doc --disable-doc --disable-docs --disable-documentation --disable-debug --with-xmlto=no --with-fop=no --disable-dependency-tracking --disable-multilib --disable-werror --target=arm-buildroot-linux-uclibcgnueabi --disable-shared --enable-static --with-sysroot=/home/ssbai/mini2440_buildroot/output/host/usr/arm-buildroot-linux-uclibcgnueabi/sysroot --disable-sim --disable-gdb'
WINDMC='windmc'
WINDMC_FOR_BUILD='$(WINDMC)'
WINDMC_FOR_TARGET='$$r/$(HOST_SUBDIR)/binutils/windmc'
WINDRES='windres'
WINDRES_FOR_BUILD='$(WINDRES)'
WINDRES_FOR_TARGET='$$r/$(HOST_SUBDIR)/binutils/windres'
YACC='/home/ssbai/mini2440_buildroot/output/build/host-binutils-2.22/missing bison -y'
ac_ct_CC='/usr/bin/gcc'
ac_ct_CXX=''
bindir='${exec_prefix}/bin'
build='x86_64-unknown-linux-gnu'
build_alias=''
build_configargs=' --cache-file=../config.cache '\''--prefix=/home/ssbai/mini2440_buildroot/output/host/usr'\'' '\''--sysconfdir=/home/ssbai/mini2440_buildroot/output/host/etc'\'' '\''--localstatedir=/home/ssbai/mini2440_buildroot/output/host/var'\'' '\''--enable-shared'\'' '\''--disable-static'\'' '\''--disable-gtk-doc'\'' '\''--disable-doc'\'' '\''--disable-docs'\'' '\''--disable-documentation'\'' '\''--disable-debug'\'' '\''--with-xmlto=no'\'' '\''--with-fop=no'\'' '\''--disable-dependency-tracking'\'' '\''--disable-multilib'\'' '\''--disable-werror'\'' '\''--disable-shared'\'' '\''--enable-static'\'' '\''--with-sysroot=/home/ssbai/mini2440_buildroot/output/host/usr/arm-buildroot-linux-uclibcgnueabi/sysroot'\'' '\''--disable-sim'\'' '\''--disable-gdb'\'' --program-transform-name='\''s&^&arm-buildroot-linux-uclibcgnueabi-&'\'' --disable-option-checking'
build_configdirs=' libiberty'
build_cpu='x86_64'
build_libsubdir='build-x86_64-unknown-linux-gnu'
build_noncanonical='x86_64-unknown-linux-gnu'
build_os='linux-gnu'
build_subdir='build-x86_64-unknown-linux-gnu'
build_tooldir='${exec_prefix}/arm-buildroot-linux-uclibcgnueabi'
build_vendor='unknown'
clooginc=''
clooglibs=''
compare_exclusions='gcc/cc*-checksum$(objext) | gcc/ada/*tools/*'
configdirs=' intl libiberty opcodes bfd binutils gas ld gprof etc'
datadir='${datarootdir}'
datarootdir='${prefix}/share'
do_compare='cmp --ignore-initial=16 $$f1 $$f2'
docdir='${datarootdir}/doc/${PACKAGE}'
dvidir='${docdir}'
exec_prefix='${prefix}'
extra_host_libiberty_configure_flags=''
extra_mpc_gmp_configure_flags=''
extra_mpc_mpfr_configure_flags=''
extra_mpfr_configure_flags=''
gmpinc=''
gmplibs='-lmpc -lmpfr -lgmp'
host='x86_64-unknown-linux-gnu'
host_alias=''
host_configargs=' --cache-file=./config.cache  --with-gnu-as --with-gnu-ld --with-system-zlib '\''--prefix=/home/ssbai/mini2440_buildroot/output/host/usr'\'' '\''--sysconfdir=/home/ssbai/mini2440_buildroot/output/host/etc'\'' '\''--localstatedir=/home/ssbai/mini2440_buildroot/output/host/var'\'' '\''--enable-shared'\'' '\''--disable-static'\'' '\''--disable-gtk-doc'\'' '\''--disable-doc'\'' '\''--disable-docs'\'' '\''--disable-documentation'\'' '\''--disable-debug'\'' '\''--with-xmlto=no'\'' '\''--with-fop=no'\'' '\''--disable-dependency-tracking'\'' '\''--disable-multilib'\'' '\''--disable-werror'\'' '\''--disable-shared'\'' '\''--enable-static'\'' '\''--with-sysroot=/home/ssbai/mini2440_buildroot/output/host/usr/arm-buildroot-linux-uclibcgnueabi/sysroot'\'' '\''--disable-sim'\'' '\''--disable-gdb'\'' --program-transform-name='\''s&^&arm-buildroot-linux-uclibcgnueabi-&'\'' --disable-option-checking'
host_cpu='x86_64'
host_noncanonical='x86_64-unknown-linux-gnu'
host_os='linux-gnu'
host_subdir='.'
host_vendor='unknown'
htmldir='${docdir}'
includedir='${prefix}/include'
infodir='${datarootdir}/info'
libdir='${exec_prefix}/lib'
libexecdir='${exec_prefix}/libexec'
localedir='${datarootdir}/locale'
localstatedir='/home/ssbai/mini2440_buildroot/output/host/var'
mandir='${datarootdir}/man'
oldincludedir='/usr/include'
pdfdir='${docdir}'
poststage1_ldflags='-static-libstdc++ -static-libgcc'
poststage1_libs=''
pplinc=''
ppllibs=''
prefix='/home/ssbai/mini2440_buildroot/output/host/usr'
program_transform_name='s&^&arm-buildroot-linux-uclibcgnueabi-&'
psdir='${docdir}'
sbindir='${exec_prefix}/sbin'
sharedstatedir='${prefix}/com'
stage1_cflags='-g -fkeep-inline-functions'
stage1_checking='--enable-checking=yes,types'
stage1_languages=',c,'
stage1_ldflags=''
stage1_libs=''
stage2_werror_flag=''
sysconfdir='/home/ssbai/mini2440_buildroot/output/host/etc'
target='arm-buildroot-linux-uclibcgnueabi'
target_alias='arm-buildroot-linux-uclibcgnueabi'
target_configargs='--cache-file=./config.cache --with-cross-host=x86_64-unknown-linux-gnu   '\''--prefix=/home/ssbai/mini2440_buildroot/output/host/usr'\'' '\''--sysconfdir=/home/ssbai/mini2440_buildroot/output/host/etc'\'' '\''--localstatedir=/home/ssbai/mini2440_buildroot/output/host/var'\'' '\''--enable-shared'\'' '\''--disable-static'\'' '\''--disable-gtk-doc'\'' '\''--disable-doc'\'' '\''--disable-docs'\'' '\''--disable-documentation'\'' '\''--disable-debug'\'' '\''--with-xmlto=no'\'' '\''--with-fop=no'\'' '\''--disable-dependency-tracking'\'' '\''--disable-multilib'\'' '\''--disable-werror'\'' '\''--disable-shared'\'' '\''--enable-static'\'' '\''--with-sysroot=/home/ssbai/mini2440_buildroot/output/host/usr/arm-buildroot-linux-uclibcgnueabi/sysroot'\'' '\''--disable-sim'\'' '\''--disable-gdb'\'' --program-transform-name='\''s&^&arm-buildroot-linux-uclibcgnueabi-&'\'' --disable-option-checking'
target_configdirs=''
target_cpu='arm'
target_noncanonical='arm-buildroot-linux-uclibcgnueabi'
target_os='linux-uclibcgnueabi'
target_subdir='arm-buildroot-linux-uclibcgnueabi'
target_vendor='buildroot'
tooldir='${exec_prefix}/arm-buildroot-linux-uclibcgnueabi'

## ------------------- ##
## File substitutions. ##
## ------------------- ##

alphaieee_frag='/dev/null'
host_makefile_frag='/dev/null'
ospace_frag='/dev/null'
serialization_dependencies='serdep.tmp'
target_makefile_frag='./config/mt-gnu'

## ----------- ##
## confdefs.h. ##
## ----------- ##

/* confdefs.h */
#define PACKAGE_NAME ""
#define PACKAGE_TARNAME ""
#define PACKAGE_VERSION ""
#define PACKAGE_STRING ""
#define PACKAGE_BUGREPORT ""
#define PACKAGE_URL ""
#define LT_OBJDIR ".libs/"

configure: exit 0
